2024-08-25 05:28:38.310 |  INFO |      http-nio-8024-exec-1 | A.i.a.a.ui.ClusterUpdatesService         | [<anonymous>] Subscribed to context updates.
2024-08-25 06:27:03.223 |  INFO |      http-nio-8024-exec-9 | A.i.a.a.ui.ClusterUpdatesService         | [<anonymous>] Subscribed to context updates.
2024-08-25 06:27:03.785 |  INFO |      http-nio-8024-exec-1 | i.a.a.a.c.r.ContextAdminRequestProcessor | [<anonymous>] Request to list contexts.
2024-08-25 14:18:08.784 | ERROR |          boundedElastic-5 | reactor.core.publisher.Operators         | Operator called default onErrorDropped
org.springframework.transaction.TransactionTimedOutException: Transaction timed out: deadline was Sun Aug 25 11:10:36 UTC 2024
	at org.springframework.transaction.support.ResourceHolderSupport.checkTransactionTimeout(ResourceHolderSupport.java:155) ~[spring-tx-5.3.31.jar!/:5.3.31]
	at org.springframework.transaction.support.ResourceHolderSupport.getTimeToLiveInMillis(ResourceHolderSupport.java:144) ~[spring-tx-5.3.31.jar!/:5.3.31]
	at org.springframework.orm.jpa.EntityManagerFactoryUtils.applyTransactionTimeout(EntityManagerFactoryUtils.java:344) ~[spring-orm-5.3.31.jar!/:5.3.31]
	at org.springframework.orm.jpa.SharedEntityManagerCreator$SharedEntityManagerInvocationHandler.invoke(SharedEntityManagerCreator.java:326) ~[spring-orm-5.3.31.jar!/:5.3.31]
	at jdk.proxy2/jdk.proxy2.$Proxy179.createQuery(Unknown Source) ~[na:na]
	at org.springframework.data.jpa.repository.query.AbstractStringBasedJpaQuery.createJpaQuery(AbstractStringBasedJpaQuery.java:165) ~[spring-data-jpa-2.7.18.jar!/:2.7.18]
	at org.springframework.data.jpa.repository.query.AbstractStringBasedJpaQuery.doCreateQuery(AbstractStringBasedJpaQuery.java:95) ~[spring-data-jpa-2.7.18.jar!/:2.7.18]
	at org.springframework.data.jpa.repository.query.AbstractJpaQuery.createQuery(AbstractJpaQuery.java:233) ~[spring-data-jpa-2.7.18.jar!/:2.7.18]
	at org.springframework.data.jpa.repository.query.JpaQueryExecution$ModifyingExecution.doExecute(JpaQueryExecution.java:241) ~[spring-data-jpa-2.7.18.jar!/:2.7.18]
	at org.springframework.data.jpa.repository.query.JpaQueryExecution.execute(JpaQueryExecution.java:90) ~[spring-data-jpa-2.7.18.jar!/:2.7.18]
	at org.springframework.data.jpa.repository.query.AbstractJpaQuery.doExecute(AbstractJpaQuery.java:156) ~[spring-data-jpa-2.7.18.jar!/:2.7.18]
	at org.springframework.data.jpa.repository.query.AbstractJpaQuery.execute(AbstractJpaQuery.java:144) ~[spring-data-jpa-2.7.18.jar!/:2.7.18]
	at org.springframework.data.repository.core.support.RepositoryMethodInvoker.doInvoke(RepositoryMethodInvoker.java:137) ~[spring-data-commons-2.7.18.jar!/:2.7.18]
	at org.springframework.data.repository.core.support.RepositoryMethodInvoker.invoke(RepositoryMethodInvoker.java:121) ~[spring-data-commons-2.7.18.jar!/:2.7.18]
	at org.springframework.data.repository.core.support.QueryExecutorMethodInterceptor.doInvoke(QueryExecutorMethodInterceptor.java:160) ~[spring-data-commons-2.7.18.jar!/:2.7.18]
	at org.springframework.data.repository.core.support.QueryExecutorMethodInterceptor.invoke(QueryExecutorMethodInterceptor.java:139) ~[spring-data-commons-2.7.18.jar!/:2.7.18]
	at org.springframework.aop.framework.ReflectiveMethodInvocation.proceed(ReflectiveMethodInvocation.java:186) ~[spring-aop-5.3.31.jar!/:5.3.31]
	at org.springframework.data.projection.DefaultMethodInvokingMethodInterceptor.invoke(DefaultMethodInvokingMethodInterceptor.java:76) ~[spring-data-commons-2.7.18.jar!/:2.7.18]
	at org.springframework.aop.framework.ReflectiveMethodInvocation.proceed(ReflectiveMethodInvocation.java:186) ~[spring-aop-5.3.31.jar!/:5.3.31]
	at org.springframework.transaction.interceptor.TransactionInterceptor$1.proceedWithInvocation(TransactionInterceptor.java:123) ~[spring-tx-5.3.31.jar!/:5.3.31]
	at org.springframework.transaction.interceptor.TransactionAspectSupport.invokeWithinTransaction(TransactionAspectSupport.java:388) ~[spring-tx-5.3.31.jar!/:5.3.31]
	at org.springframework.transaction.interceptor.TransactionInterceptor.invoke(TransactionInterceptor.java:119) ~[spring-tx-5.3.31.jar!/:5.3.31]
	at org.springframework.aop.framework.ReflectiveMethodInvocation.proceed(ReflectiveMethodInvocation.java:186) ~[spring-aop-5.3.31.jar!/:5.3.31]
	at org.springframework.dao.support.PersistenceExceptionTranslationInterceptor.invoke(PersistenceExceptionTranslationInterceptor.java:137) ~[spring-tx-5.3.31.jar!/:5.3.31]
	at org.springframework.aop.framework.ReflectiveMethodInvocation.proceed(ReflectiveMethodInvocation.java:186) ~[spring-aop-5.3.31.jar!/:5.3.31]
	at org.springframework.data.jpa.repository.support.CrudMethodMetadataPostProcessor$CrudMethodMetadataPopulatingMethodInterceptor.invoke(CrudMethodMetadataPostProcessor.java:145) ~[spring-data-jpa-2.7.18.jar!/:2.7.18]
	at org.springframework.aop.framework.ReflectiveMethodInvocation.proceed(ReflectiveMethodInvocation.java:186) ~[spring-aop-5.3.31.jar!/:5.3.31]
	at org.springframework.aop.interceptor.ExposeInvocationInterceptor.invoke(ExposeInvocationInterceptor.java:97) ~[spring-aop-5.3.31.jar!/:5.3.31]
	at org.springframework.aop.framework.ReflectiveMethodInvocation.proceed(ReflectiveMethodInvocation.java:186) ~[spring-aop-5.3.31.jar!/:5.3.31]
	at org.springframework.aop.framework.JdkDynamicAopProxy.invoke(JdkDynamicAopProxy.java:241) ~[spring-aop-5.3.31.jar!/:5.3.31]
	at jdk.proxy2/jdk.proxy2.$Proxy224.deleteOrphans(Unknown Source) ~[na:na]
	at reactor.core.publisher.MonoRunnable.call(MonoRunnable.java:73) ~[reactor-core-3.4.34.jar!/:3.4.34]
	at reactor.core.publisher.MonoRunnable.call(MonoRunnable.java:32) ~[reactor-core-3.4.34.jar!/:3.4.34]
	at reactor.core.publisher.FluxSubscribeOnCallable$CallableSubscribeOnSubscription.run(FluxSubscribeOnCallable.java:227) ~[reactor-core-3.4.34.jar!/:3.4.34]
	at reactor.core.scheduler.SchedulerTask.call(SchedulerTask.java:68) ~[reactor-core-3.4.34.jar!/:3.4.34]
	at reactor.core.scheduler.SchedulerTask.call(SchedulerTask.java:28) ~[reactor-core-3.4.34.jar!/:3.4.34]
	at java.base/java.util.concurrent.FutureTask.run(FutureTask.java:264) ~[na:na]
	at java.base/java.util.concurrent.ScheduledThreadPoolExecutor$ScheduledFutureTask.run(ScheduledThreadPoolExecutor.java:304) ~[na:na]
	at java.base/java.util.concurrent.ThreadPoolExecutor.runWorker(ThreadPoolExecutor.java:1136) ~[na:na]
	at java.base/java.util.concurrent.ThreadPoolExecutor$Worker.run(ThreadPoolExecutor.java:635) ~[na:na]
	at java.base/java.lang.Thread.run(Thread.java:840) ~[na:na]
Wrapped by: reactor.core.Exceptions$ErrorCallbackNotImplemented: org.springframework.transaction.TransactionTimedOutException: Transaction timed out: deadline was Sun Aug 25 11:10:36 UTC 2024
2024-08-25 15:24:47.782 |  INFO | ngApplicationShutdownHook | io.axoniq.axonserver.grpc.Gateway        | Axon Server Gateway stopped
2024-08-25 15:24:47.855 |  INFO | ngApplicationShutdownHook | i.a.a.e.c.i.MessagingClusterServer       | Axon Server Cluster Server stopped
2024-08-25 15:26:01.896 |  INFO |                      main | i.a.a.e.c.i.MessagingClusterServer       | Axon Server Cluster Server started on port: 8224 - no SSL
2024-08-25 15:26:02.351 |  INFO |                      main | io.axoniq.axonserver.grpc.Gateway        | Axon Server Gateway started on port: 8124 - no SSL
2024-08-25 15:26:02.434 |  INFO |                      main | o.s.b.w.embedded.tomcat.TomcatWebServer  | Tomcat started on port(s): 8024 (http) with context path ''
2024-08-25 15:26:02.522 |  INFO |                      main | io.axoniq.axonserver.AxonServer          | Started AxonServer in 45.387 seconds (JVM running for 47.268)
2024-08-25 15:26:20.294 |  INFO |      http-nio-8024-exec-2 | A.i.a.a.ui.ClusterUpdatesService         | [<anonymous>] Subscribed to context updates.
2024-08-25 15:26:20.811 |  INFO |      http-nio-8024-exec-7 | i.a.a.a.c.r.ContextAdminRequestProcessor | [<anonymous>] Request to list contexts.
2024-08-25 15:30:49.569 |  INFO |      http-nio-8024-exec-5 | A.i.a.a.ui.ClusterUpdatesService         | [<anonymous>] Subscribed to context updates.
2024-08-25 15:30:50.017 |  INFO |      http-nio-8024-exec-1 | i.a.a.a.c.r.ContextAdminRequestProcessor | [<anonymous>] Request to list contexts.
2024-08-25 15:30:57.389 |  INFO |      http-nio-8024-exec-1 | i.a.a.a.c.r.ContextAdminRequestProcessor | [<anonymous>] Request to initialize cluster [default].
2024-08-25 15:30:58.031 |  INFO |      http-nio-8024-exec-1 | i.a.a.c.r.file.PrimaryLogEntryStore      | _admin: Initializing log
2024-08-25 15:30:58.061 |  INFO |      http-nio-8024-exec-1 | i.a.a.c.r.file.PrimaryLogEntryStore      | _admin: File for segment 1 does not exist. Creating new file with size of 16777216.
2024-08-25 15:30:58.466 |  INFO |      http-nio-8024-exec-1 | io.axoniq.axonserver.cluster.RaftNode    | _admin in term 0: Updating state from null to IdleState (Node initialized.)
2024-08-25 15:30:59.231 |  INFO |      http-nio-8024-exec-1 | io.axoniq.axonserver.cluster.RaftNode    | _admin in term 0: Starting the node...
2024-08-25 15:30:59.247 |  INFO |      http-nio-8024-exec-1 | io.axoniq.axonserver.cluster.RaftNode    | _admin in term 0: Updating state from IdleState to FollowerState (Role PRIMARY)
2024-08-25 15:30:59.284 |  INFO |      http-nio-8024-exec-1 | io.axoniq.axonserver.cluster.RaftNode    | The replication log compaction for "_admin" is scheduled each 1 hour(s).
2024-08-25 15:30:59.293 |  INFO |      http-nio-8024-exec-1 | io.axoniq.axonserver.cluster.RaftNode    | _admin in term 0: Node started.
2024-08-25 15:31:00.271 |  INFO |        _admin-raftState-0 | i.a.axonserver.cluster.FollowerState     | _admin in term 0: Timeout in follower state: 1013 ms.
2024-08-25 15:31:00.299 |  INFO |        _admin-raftState-0 | io.axoniq.axonserver.cluster.RaftNode    | _admin in term 0: Updating state from FollowerState to PreVoteState (_admin in term 0: Timeout in follower state: 1013 ms.)
2024-08-25 15:31:00.332 |  INFO |        _admin-raftState-0 | i.a.a.cluster.election.DefaultPreVote    | _admin: Starting pre-vote from 19ffd0e67744-37173bc2-eebf-4667-993f-9e10a7752231 in term 0
2024-08-25 15:31:00.341 |  INFO |        _admin-raftState-0 | io.axoniq.axonserver.cluster.RaftNode    | _admin in term 0: Updating state from PreVoteState to CandidateState (_admin: Election for term 1 is won by 19ffd0e67744-37173bc2-eebf-4667-993f-9e10a7752231 (PrimaryAndVotingMajorityStrategy {votes={19ffd0e67744-37173bc2-eebf-4667-993f-9e10a7752231=true}}))
2024-08-25 15:31:00.351 |  INFO |        _admin-raftState-0 | i.a.a.logging.ClusterEventsLogger        | _admin in term 0: Leader is null
2024-08-25 15:31:00.386 |  INFO |      http-nio-8024-exec-8 | i.a.a.a.c.r.ContextAdminRequestProcessor | [<anonymous>] Request to list contexts.
2024-08-25 15:31:00.413 |  INFO |        _admin-raftState-0 | io.axoniq.axonserver.cluster.RaftNode    | _admin in term 1: Term updated (19ffd0e67744-37173bc2-eebf-4667-993f-9e10a7752231 is starting a new election, so increases its term from 0 to 1).
2024-08-25 15:31:00.416 |  INFO |        _admin-raftState-0 | i.a.a.cluster.election.DefaultElection   | _admin: Starting election from 19ffd0e67744-37173bc2-eebf-4667-993f-9e10a7752231 in term 1
2024-08-25 15:31:00.436 |  INFO |        _admin-raftState-0 | io.axoniq.axonserver.cluster.RaftNode    | _admin in term 1: Updating state from CandidateState to LeaderState (_admin: Election for term 1 is won by 19ffd0e67744-37173bc2-eebf-4667-993f-9e10a7752231 (PrimaryAndVotingMajorityStrategy {votes={19ffd0e67744-37173bc2-eebf-4667-993f-9e10a7752231=true}}))
2024-08-25 15:31:00.542 |  INFO |        _admin-raftState-0 | i.a.a.logging.ClusterEventsLogger        | _admin in term 1: (notification) Leader is 19ffd0e67744
2024-08-25 15:31:00.558 |  INFO |        _admin-raftState-0 | i.a.a.logging.ClusterEventsLogger        | _admin in term 1: Leader
2024-08-25 15:31:00.567 |  INFO |        _admin-raftState-0 | i.axoniq.axonserver.cluster.LeaderState  | _admin in term 1: Start replication thread for 0 peers.
2024-08-25 15:31:00.568 |  INFO |        _admin-raftState-0 | i.axoniq.axonserver.cluster.LeaderState  | _admin in term 1: Appending info that leader has been elected.
2024-08-25 15:31:00.577 |  INFO |      http-nio-8024-exec-4 | i.a.a.a.c.r.ContextAdminRequestProcessor | [<anonymous>] Request to list contexts.
2024-08-25 15:31:00.859 |  INFO |         _admin-raftNode-0 | i.a.a.logging.ClusterEventsLogger        | _admin: context _admin created, my role PRIMARY, min event token 0, min snapshot token 0
2024-08-25 15:31:00.963 |  INFO |      http-nio-8024-exec-1 | i.a.a.c.r.file.PrimaryLogEntryStore      | default: Initializing log
2024-08-25 15:31:00.967 |  INFO |      http-nio-8024-exec-1 | i.a.a.c.r.file.PrimaryLogEntryStore      | default: File for segment 1 does not exist. Creating new file with size of 16777216.
2024-08-25 15:31:00.968 |  INFO |      http-nio-8024-exec-3 | i.a.a.a.c.r.ContextAdminRequestProcessor | [<anonymous>] Request to list contexts.
2024-08-25 15:31:00.973 |  INFO |      http-nio-8024-exec-1 | io.axoniq.axonserver.cluster.RaftNode    | default in term 0: Updating state from null to IdleState (Node initialized.)
2024-08-25 15:31:00.984 |  INFO |           task-scheduler1 | io.axoniq.axonserver.cluster.RaftNode    | default in term 0: Starting the node...
2024-08-25 15:31:00.986 |  INFO |           task-scheduler1 | io.axoniq.axonserver.cluster.RaftNode    | default in term 0: Updating state from IdleState to FollowerState (Role PRIMARY)
2024-08-25 15:31:00.988 |  INFO |           task-scheduler1 | io.axoniq.axonserver.cluster.RaftNode    | The replication log compaction for "default" is scheduled each 1 hour(s).
2024-08-25 15:31:00.989 |  INFO |           task-scheduler1 | io.axoniq.axonserver.cluster.RaftNode    | default in term 0: Node started.
2024-08-25 15:31:02.990 |  INFO |       default-raftState-0 | i.a.axonserver.cluster.FollowerState     | default in term 0: Timeout in follower state: 2003 ms.
2024-08-25 15:31:02.991 |  INFO |       default-raftState-0 | io.axoniq.axonserver.cluster.RaftNode    | default in term 0: Updating state from FollowerState to PreVoteState (default in term 0: Timeout in follower state: 2003 ms.)
2024-08-25 15:31:02.994 |  INFO |       default-raftState-0 | i.a.a.cluster.election.DefaultPreVote    | default: Starting pre-vote from 19ffd0e67744-cd18d7f8-0c33-4d77-adbc-b6352b659e74 in term 0
2024-08-25 15:31:02.995 |  INFO |       default-raftState-0 | io.axoniq.axonserver.cluster.RaftNode    | default in term 0: Updating state from PreVoteState to CandidateState (default: Election for term 1 is won by 19ffd0e67744-cd18d7f8-0c33-4d77-adbc-b6352b659e74 (PrimaryAndVotingMajorityStrategy {votes={19ffd0e67744-cd18d7f8-0c33-4d77-adbc-b6352b659e74=true}}))
2024-08-25 15:31:02.995 |  INFO |       default-raftState-0 | i.a.a.logging.ClusterEventsLogger        | default in term 0: Leader is null
2024-08-25 15:31:03.017 |  INFO |      http-nio-8024-exec-5 | i.a.a.a.c.r.ContextAdminRequestProcessor | [<anonymous>] Request to list contexts.
2024-08-25 15:31:03.019 |  INFO |       default-raftState-0 | io.axoniq.axonserver.cluster.RaftNode    | default in term 1: Term updated (19ffd0e67744-cd18d7f8-0c33-4d77-adbc-b6352b659e74 is starting a new election, so increases its term from 0 to 1).
2024-08-25 15:31:03.020 |  INFO |       default-raftState-0 | i.a.a.cluster.election.DefaultElection   | default: Starting election from 19ffd0e67744-cd18d7f8-0c33-4d77-adbc-b6352b659e74 in term 1
2024-08-25 15:31:03.021 |  INFO |       default-raftState-0 | io.axoniq.axonserver.cluster.RaftNode    | default in term 1: Updating state from CandidateState to LeaderState (default: Election for term 1 is won by 19ffd0e67744-cd18d7f8-0c33-4d77-adbc-b6352b659e74 (PrimaryAndVotingMajorityStrategy {votes={19ffd0e67744-cd18d7f8-0c33-4d77-adbc-b6352b659e74=true}}))
2024-08-25 15:31:03.043 |  INFO |       default-raftState-0 | i.a.a.logging.ClusterEventsLogger        | default in term 1: (notification) Leader is 19ffd0e67744
2024-08-25 15:31:03.058 |  INFO |       default-raftState-0 | i.a.a.logging.ClusterEventsLogger        | default in term 1: Leader
2024-08-25 15:31:03.060 |  INFO |       default-raftState-0 | i.axoniq.axonserver.cluster.LeaderState  | default in term 1: Start replication thread for 0 peers.
2024-08-25 15:31:03.061 |  INFO |       default-raftState-0 | i.axoniq.axonserver.cluster.LeaderState  | default in term 1: Appending info that leader has been elected.
2024-08-25 15:31:03.098 |  INFO |      http-nio-8024-exec-7 | i.a.a.a.c.r.ContextAdminRequestProcessor | [<anonymous>] Request to list contexts.
2024-08-25 15:31:03.833 |  INFO |        default-raftNode-0 | i.a.a.logging.ClusterEventsLogger        | default: context default created, my role PRIMARY, min event token 0, min snapshot token 0
2024-08-25 15:31:03.855 |  INFO |     http-nio-8024-exec-10 | i.a.a.a.c.r.ContextAdminRequestProcessor | [<anonymous>] Request to list contexts.
2024-08-25 15:31:48.424 |  INFO |           grpc-executor-2 | i.a.a.logging.TopologyEventsLogger       | Application connected: product-service, clientId = 21768@DESKTOP-7R1G074, clientStreamId = 21768@DESKTOP-7R1G074.74821671-d0da-4aee-9de3-f6fc70fc416a, context = default
2024-08-25 15:31:48.448 |  INFO |      http-nio-8024-exec-6 | i.a.a.a.c.r.ContextAdminRequestProcessor | [<anonymous>] Request to list contexts.
2024-08-25 15:32:53.811 |  INFO |           grpc-executor-4 | i.a.a.logging.TopologyEventsLogger       | Application disconnected: product-service, clientId = 21768@DESKTOP-7R1G074.74821671-d0da-4aee-9de3-f6fc70fc416a, context = default: Platform connection completed by client
2024-08-25 15:32:53.850 |  INFO |      http-nio-8024-exec-7 | i.a.a.a.c.r.ContextAdminRequestProcessor | [<anonymous>] Request to list contexts.
2024-08-25 15:33:16.242 |  INFO |           grpc-executor-1 | i.a.a.logging.TopologyEventsLogger       | Application connected: product-service, clientId = 20040@DESKTOP-7R1G074, clientStreamId = 20040@DESKTOP-7R1G074.3f3ce63f-485e-4be5-9399-be7ab601b20c, context = default
2024-08-25 15:33:16.322 |  INFO |      http-nio-8024-exec-3 | i.a.a.a.c.r.ContextAdminRequestProcessor | [<anonymous>] Request to list contexts.
2024-08-25 15:34:11.535 |  INFO |           grpc-executor-3 | i.a.a.logging.TopologyEventsLogger       | Application disconnected: product-service, clientId = 20040@DESKTOP-7R1G074.3f3ce63f-485e-4be5-9399-be7ab601b20c, context = default: Error on platform connection from client
2024-08-25 15:34:11.553 |  INFO |      http-nio-8024-exec-7 | i.a.a.a.c.r.ContextAdminRequestProcessor | [<anonymous>] Request to list contexts.
2024-08-25 15:34:29.668 |  INFO |           grpc-executor-3 | i.a.a.logging.TopologyEventsLogger       | Application connected: product-service, clientId = 20040@DESKTOP-7R1G074, clientStreamId = 20040@DESKTOP-7R1G074.6df4cce0-c410-4881-b8ea-b7c3c2b0dee7, context = default
2024-08-25 15:34:29.762 |  INFO |     http-nio-8024-exec-10 | i.a.a.a.c.r.ContextAdminRequestProcessor | [<anonymous>] Request to list contexts.
2024-08-25 15:34:44.674 |  INFO |           grpc-executor-4 | i.a.a.logging.TopologyEventsLogger       | Application disconnected: product-service, clientId = 20040@DESKTOP-7R1G074.6df4cce0-c410-4881-b8ea-b7c3c2b0dee7, context = default: Error on platform connection from client
2024-08-25 15:34:44.708 |  INFO |      http-nio-8024-exec-8 | i.a.a.a.c.r.ContextAdminRequestProcessor | [<anonymous>] Request to list contexts.
2024-08-25 15:34:44.993 |  WARN |           grpc-executor-3 | i.a.a.message.command.CommandDispatcher  | No Handler for command: com.estore.ProductService.command.CreateProductCommand
2024-08-25 15:35:02.560 |  INFO |           grpc-executor-4 | i.a.a.logging.TopologyEventsLogger       | Application connected: product-service, clientId = 20040@DESKTOP-7R1G074, clientStreamId = 20040@DESKTOP-7R1G074.e02260df-ed61-4d06-bc7c-ac8c5aabd0e9, context = default
2024-08-25 15:35:02.708 |  INFO |      http-nio-8024-exec-6 | i.a.a.a.c.r.ContextAdminRequestProcessor | [<anonymous>] Request to list contexts.
2024-08-25 16:10:08.998 |  INFO |     http-nio-8024-exec-10 | A.i.a.a.ui.ClusterUpdatesService         | [<anonymous>] Subscribed to context updates.
2024-08-25 16:10:09.363 |  INFO |      http-nio-8024-exec-4 | i.a.a.a.c.r.ContextAdminRequestProcessor | [<anonymous>] Request to list contexts.
2024-08-25 16:10:21.596 |  INFO |      http-nio-8024-exec-9 | .r.ReplicationGroupAdminRequestProcessor | [<anonymous>] Requested to list all replication groups.
2024-08-25 16:10:21.633 |  INFO |      http-nio-8024-exec-4 | i.a.a.a.c.r.ContextAdminRequestProcessor | [<anonymous>] Request to list contexts.
2024-08-25 18:14:58.947 |  INFO |           grpc-executor-2 | i.a.a.logging.TopologyEventsLogger       | Application disconnected: product-service, clientId = 20040@DESKTOP-7R1G074.e02260df-ed61-4d06-bc7c-ac8c5aabd0e9, context = default: Platform connection completed by client
